<?xml version="1.0" encoding="UTF-8"?>
<!-- Generated by org.testng.reporters.JUnitXMLReporter -->
<testsuite ignored="0" hostname="DESKTOP-DJ4FDME" failures="0" tests="3" name="Default test" time="9.244" errors="0" timestamp="2024-03-19T06:55:56 IST">
  <testcase classname="org.wipro.automation.fb.testcases.LoginScenario_DDF" name="validate_loginFunctionailty" time="0.364"/>
  <testcase classname="org.wipro.automation.fb.testcases.LoginScenario_DDF" name="validate_loginFunctionailty" time="0.441"/>
  <testcase classname="org.wipro.automation.fb.testcases.LoginScenario_DDF" name="validate_loginFunctionailty" time="0.493"/>
</testsuite> <!-- Default test -->
