<?xml version="1.0" encoding="UTF-8"?>
<!-- Generated by org.testng.reporters.JUnitXMLReporter -->
<testsuite ignored="2" hostname="DESKTOP-DJ4FDME" failures="0" tests="2" name="Test" time="30.337" errors="0" timestamp="2024-03-16T06:14:24 IST">
  <testcase classname="org.xyz.automation.fb.HandleKeyMouseWin" name="handleAlerts" time="4.268"/>
  <testcase classname="org.xyz.automation.fb.HandleKeyMouseWin" name="handleFrames" time="26.014"/>
  <testcase classname="org.xyz.automation.fb.HandleKeyMouseWin" name="handleMousewindow" time="0.0">
    <ignored/>
  </testcase> <!-- handleMousewindow -->
  <testcase classname="org.xyz.automation.fb.HandleKeyMouseWin" name="handleKeyboard" time="0.0">
    <ignored/>
  </testcase> <!-- handleKeyboard -->
</testsuite> <!-- Test -->
