<?xml version="1.0" encoding="UTF-8"?>
<!-- Generated by org.testng.reporters.JUnitXMLReporter -->
<testsuite ignored="15" hostname="DESKTOP-DJ4FDME" failures="3" tests="3" name="Test(failed)" time="0.14" errors="0" timestamp="2024-03-09T06:53:28 IST">
  <testcase classname="testNGDemo.TestScenarios9" name="fifth_testcase" time="0.028">
    <failure type="java.lang.AssertionError" message="expected [Hello World] but found [Hello]">
      <![CDATA[java.lang.AssertionError: expected [Hello World] but found [Hello]
at testNGDemo.TestScenarios9.fifth_testcase(TestScenarios9.java:37)
at java.base/java.util.ArrayList.forEach(ArrayList.java:1511)
... Removed 33 stack frames]]>
    </failure>
  </testcase> <!-- fifth_testcase -->
  <testcase classname="testNGDemo.TestScenarios4" name="second_testcase" time="0.003">
    <failure type="java.lang.AssertionError" message="expected [Hello World] but found [Hello]">
      <![CDATA[java.lang.AssertionError: expected [Hello World] but found [Hello]
at testNGDemo.TestScenarios4.second_testcase(TestScenarios4.java:19)
at java.base/java.util.ArrayList.forEach(ArrayList.java:1511)
... Removed 33 stack frames]]>
    </failure>
  </testcase> <!-- second_testcase -->
  <testcase classname="testNGDemo.TestScenarios7" name="third_testcase" time="0.002">
    <failure type="java.lang.AssertionError" message="expected [Hello World] but found [Hello]">
      <![CDATA[java.lang.AssertionError: expected [Hello World] but found [Hello]
at testNGDemo.TestScenarios7.third_testcase(TestScenarios7.java:25)
at java.base/java.util.ArrayList.forEach(ArrayList.java:1511)
... Removed 33 stack frames]]>
    </failure>
  </testcase> <!-- third_testcase -->
  <testcase classname="testNGDemo.TestScenarios7" name="first_testcase" time="0.0">
    <ignored/>
  </testcase> <!-- first_testcase -->
  <testcase classname="testNGDemo.TestScenarios9" name="second_testcase" time="0.0">
    <ignored/>
  </testcase> <!-- second_testcase -->
  <testcase classname="testNGDemo.TestScenarios9" name="sixth_testcase" time="0.0">
    <ignored/>
  </testcase> <!-- sixth_testcase -->
  <testcase classname="testNGDemo.TestScenarios7" name="forth_testcase" time="0.0">
    <ignored/>
  </testcase> <!-- forth_testcase -->
  <testcase classname="testNGDemo.TestScenarios7" name="fifth_testcase" time="0.0">
    <ignored/>
  </testcase> <!-- fifth_testcase -->
  <testcase classname="testNGDemo.TestScenarios7" name="sixth_testcase" time="0.0">
    <ignored/>
  </testcase> <!-- sixth_testcase -->
  <testcase classname="testNGDemo.TestScenarios7" name="second_testcase" time="0.0">
    <ignored/>
  </testcase> <!-- second_testcase -->
  <testcase classname="testNGDemo.TestScenarios4" name="first_testcase" time="0.0">
    <ignored/>
  </testcase> <!-- first_testcase -->
  <testcase classname="testNGDemo.TestScenarios9" name="first_testcase" time="0.0">
    <ignored/>
  </testcase> <!-- first_testcase -->
  <testcase classname="testNGDemo.TestScenarios4" name="forth_testcase" time="0.0">
    <ignored/>
  </testcase> <!-- forth_testcase -->
  <testcase classname="testNGDemo.TestScenarios9" name="forth_testcase" time="0.0">
    <ignored/>
  </testcase> <!-- forth_testcase -->
  <testcase classname="testNGDemo.TestScenarios4" name="fifth_testcase" time="0.0">
    <ignored/>
  </testcase> <!-- fifth_testcase -->
  <testcase classname="testNGDemo.TestScenarios4" name="sixth_testcase" time="0.0">
    <ignored/>
  </testcase> <!-- sixth_testcase -->
  <testcase classname="testNGDemo.TestScenarios4" name="third_testcase" time="0.0">
    <ignored/>
  </testcase> <!-- third_testcase -->
  <testcase classname="testNGDemo.TestScenarios9" name="third_testcase" time="0.0">
    <ignored/>
  </testcase> <!-- third_testcase -->
</testsuite> <!-- Test(failed) -->
