<?xml version="1.0" encoding="UTF-8"?>
<testng-results ignored="0" total="1" passed="1" failed="0" skipped="0">
  <reporter-output>
  </reporter-output>
  <suite started-at="2024-03-20T06:54:38 IST" name="Default suite" finished-at="2024-03-20T06:54:42 IST" duration-ms="4449">
    <groups>
    </groups>
    <test started-at="2024-03-20T06:54:38 IST" name="Default test" finished-at="2024-03-20T06:54:42 IST" duration-ms="4449">
      <class name="org.wipro.automation.fb.testcases.SignupScenario">
        <test-method is-config="true" signature="launchBrowser()[pri:0, instance:org.wipro.automation.fb.testcases.SignupScenario@5824a83d]" started-at="2024-03-20T06:54:38 IST" name="launchBrowser" finished-at="2024-03-20T06:54:41 IST" duration-ms="3395" status="PASS">
          <reporter-output>
          </reporter-output>
        </test-method> <!-- launchBrowser -->
        <test-method signature="validatefb_registration()[pri:0, instance:org.wipro.automation.fb.testcases.SignupScenario@5824a83d]" started-at="2024-03-20T06:54:41 IST" name="validatefb_registration" finished-at="2024-03-20T06:54:42 IST" duration-ms="981" status="PASS">
          <reporter-output>
          </reporter-output>
        </test-method> <!-- validatefb_registration -->
        <test-method is-config="true" signature="closeBrowser()[pri:0, instance:org.wipro.automation.fb.testcases.SignupScenario@5824a83d]" started-at="2024-03-20T06:54:42 IST" name="closeBrowser" finished-at="2024-03-20T06:54:42 IST" duration-ms="0" status="PASS">
          <reporter-output>
          </reporter-output>
        </test-method> <!-- closeBrowser -->
      </class> <!-- org.wipro.automation.fb.testcases.SignupScenario -->
    </test> <!-- Default test -->
  </suite> <!-- Default suite -->
</testng-results>
